<?xml version="1.0" encoding="UTF-8"?><testsuite name="nosetests" tests="4" errors="0" failures="0" skip="0"><testcase classname="tests.fibonacci_tests" name="test1_getFibonacciNumber_Test" time="0.000"><system-out><![CDATA[[0, 1]
]]></system-out></testcase><testcase classname="tests.fibonacci_tests" name="test2_generateSequence_Test" time="0.000"><system-out><![CDATA[[0, 1]
]]></system-out></testcase><testcase classname="tests.fibonacci_tests" name="test3_getFibonacciNumber_Test" time="0.000"><system-out><![CDATA[[0, 1]
]]></system-out></testcase><testcase classname="tests.fibonacci_tests" name="test4_generateSequence_Test" time="0.000"><system-out><![CDATA[[0, 1]
]]></system-out></testcase></testsuite>